{
  "0 debug pnpm:scope": {
    "selected": 1
  },
  "1 error pnpm": {
    "code": "ELIFECYCLE",
    "errno": "ENOENT",
    "syscall": "spawn",
    "file": "sh",
    "pkgid": "docs.mophia.com@1.0.0",
    "stage": "dev",
    "script": "vuepress dev docs",
    "pkgname": "docs.mophia.com",
    "err": {
      "name": "pnpm",
      "message": "docs.mophia.com@1.0.0 dev: `vuepress dev docs`\nspawn ENOENT",
      "code": "ELIFECYCLE",
      "stack": "pnpm: docs.mophia.com@1.0.0 dev: `vuepress dev docs`\nspawn ENOENT\n    at ChildProcess.<anonymous> (/Users/admin/pnpm-global/5/node_modules/.pnpm/pnpm@6.24.3/node_modules/pnpm/dist/pnpm.cjs:91780:22)\n    at ChildProcess.emit (node:events:394:28)\n    at maybeClose (node:internal/child_process:1067:16)\n    at Process.ChildProcess._handle.onexit (node:internal/child_process:301:5)"
    }
  },
  "2 warn pnpm:global": " Local package.json exists, but node_modules missing, did you mean to install?"
}